[09:28:17] [main/INFO]: Environment: authHost='https://authserver.mojang.com', accountsHost='https://api.mojang.com', sessionHost='https://sessionserver.mojang.com', servicesHost='https://api.minecraftservices.com', name='PROD'
[09:28:19] [main/INFO]: Reloading ResourceManager: Default, bukkit
[09:28:21] [Worker-Main-2/INFO]: Loaded 7 recipes
[09:28:26] [Server thread/INFO]: Starting minecraft server version 1.16.5
[09:28:26] [Server thread/INFO]: Loading properties
[09:28:28] [Server thread/INFO]: This server is running CraftBukkit version 3096a-Spigot-9fb885e-af1a232 (MC: 1.16.5) (Implementing API version 1.16.5-R0.1-SNAPSHOT)
[09:28:28] [Server thread/INFO]: Server Ping Player Sample Count: 12
[09:28:28] [Server thread/INFO]: Using 4 threads for Netty based IO
[09:28:28] [Server thread/INFO]: Debug logging is disabled
[09:28:28] [Server thread/INFO]: Default game type: SURVIVAL
[09:28:28] [Server thread/INFO]: Generating keypair
[09:28:37] [Server thread/INFO]: Starting Minecraft server on *:25565
[09:28:37] [Server thread/INFO]: Using epoll channel type
[09:28:40] [Server thread/WARN]: Initializing Legacy Material Support. Unless you have legacy plugins and/or data this is a bug!
[09:28:51] [Server thread/WARN]: Legacy plugin BenchmarkPlugin v1.0 does not specify an api-version.
[09:28:52] [Server thread/INFO]: [BenchmarkPlugin] Loading BenchmarkPlugin v1.0
[09:28:52] [Server thread/WARN]: **** SERVER IS RUNNING IN OFFLINE/INSECURE MODE!
[09:28:52] [Server thread/WARN]: The server will make no attempt to authenticate usernames. Beware.
[09:28:52] [Server thread/WARN]: While this makes the game possible to play without internet access, it also opens up the ability for hackers to connect with any username they choose.
[09:28:52] [Server thread/WARN]: To change this, set "online-mode" to "true" in the server.properties file.
[09:28:52] [Server thread/INFO]: Preparing level "world"
[09:28:53] [Server thread/INFO]: -------- World Settings For [world] --------
[09:28:53] [Server thread/INFO]: Experience Merge Radius: 3.0
[09:28:53] [Server thread/INFO]: Mob Spawn Range: 6
[09:28:53] [Server thread/INFO]: Cactus Growth Modifier: 100%
[09:28:53] [Server thread/INFO]: Cane Growth Modifier: 100%
[09:28:53] [Server thread/INFO]: Melon Growth Modifier: 100%
[09:28:53] [Server thread/INFO]: Mushroom Growth Modifier: 100%
[09:28:53] [Server thread/INFO]: Pumpkin Growth Modifier: 100%
[09:28:53] [Server thread/INFO]: Sapling Growth Modifier: 100%
[09:28:53] [Server thread/INFO]: Beetroot Growth Modifier: 100%
[09:28:53] [Server thread/INFO]: Carrot Growth Modifier: 100%
[09:28:53] [Server thread/INFO]: Potato Growth Modifier: 100%
[09:28:53] [Server thread/INFO]: Wheat Growth Modifier: 100%
[09:28:53] [Server thread/INFO]: NetherWart Growth Modifier: 100%
[09:28:53] [Server thread/INFO]: Vine Growth Modifier: 100%
[09:28:53] [Server thread/INFO]: Cocoa Growth Modifier: 100%
[09:28:53] [Server thread/INFO]: Bamboo Growth Modifier: 100%
[09:28:53] [Server thread/INFO]: SweetBerry Growth Modifier: 100%
[09:28:53] [Server thread/INFO]: Kelp Growth Modifier: 100%
[09:28:53] [Server thread/INFO]: Entity Activation Range: An 32 / Mo 32 / Ra 48 / Mi 16 / Tiv true
[09:28:53] [Server thread/INFO]: Hopper Transfer: 8 Hopper Check: 1 Hopper Amount: 1
[09:28:53] [Server thread/INFO]: Custom Map Seeds:  Village: 10387312 Desert: 14357617 Igloo: 14357618 Jungle: 14357619 Swamp: 14357620 Monument: 10387313 Ocean: 14357621 Shipwreck: 165745295 End City: 10387313 Slime: 987234911 Bastion: 30084232 Fortress: 30084232 Mansion: 10387319 Fossil: 14357921 Portal: 34222645
[09:28:53] [Server thread/INFO]: Max TNT Explosions: 100
[09:28:53] [Server thread/INFO]: Tile Max Tick Time: 50ms Entity max Tick Time: 50ms
[09:28:53] [Server thread/INFO]: Entity Tracking Range: Pl 48 / An 48 / Mo 48 / Mi 32 / Other 64
[09:28:53] [Server thread/INFO]: Allow Zombie Pigmen to spawn from portal blocks: true
[09:28:53] [Server thread/INFO]: Item Merge Radius: 2.5
[09:28:53] [Server thread/INFO]: View Distance: 10
[09:28:53] [Server thread/INFO]: Item Despawn Rate: 6000
[09:28:53] [Server thread/INFO]: Arrow Despawn Rate: 1200 Trident Respawn Rate:1200
[09:28:53] [Server thread/INFO]: Zombie Aggressive Towards Villager: true
[09:28:53] [Server thread/INFO]: Nerfing mobs spawned from spawners: false
[09:28:54] [Server thread/INFO]: -------- World Settings For [world_nether] --------
[09:28:54] [Server thread/INFO]: Experience Merge Radius: 3.0
[09:28:54] [Server thread/INFO]: Mob Spawn Range: 6
[09:28:54] [Server thread/INFO]: Cactus Growth Modifier: 100%
[09:28:54] [Server thread/INFO]: Cane Growth Modifier: 100%
[09:28:54] [Server thread/INFO]: Melon Growth Modifier: 100%
[09:28:54] [Server thread/INFO]: Mushroom Growth Modifier: 100%
[09:28:54] [Server thread/INFO]: Pumpkin Growth Modifier: 100%
[09:28:54] [Server thread/INFO]: Sapling Growth Modifier: 100%
[09:28:54] [Server thread/INFO]: Beetroot Growth Modifier: 100%
[09:28:54] [Server thread/INFO]: Carrot Growth Modifier: 100%
[09:28:54] [Server thread/INFO]: Potato Growth Modifier: 100%
[09:28:54] [Server thread/INFO]: Wheat Growth Modifier: 100%
[09:28:54] [Server thread/INFO]: NetherWart Growth Modifier: 100%
[09:28:54] [Server thread/INFO]: Vine Growth Modifier: 100%
[09:28:54] [Server thread/INFO]: Cocoa Growth Modifier: 100%
[09:28:54] [Server thread/INFO]: Bamboo Growth Modifier: 100%
[09:28:54] [Server thread/INFO]: SweetBerry Growth Modifier: 100%
[09:28:54] [Server thread/INFO]: Kelp Growth Modifier: 100%
[09:28:54] [Server thread/INFO]: Entity Activation Range: An 32 / Mo 32 / Ra 48 / Mi 16 / Tiv true
[09:28:54] [Server thread/INFO]: Hopper Transfer: 8 Hopper Check: 1 Hopper Amount: 1
[09:28:54] [Server thread/INFO]: Custom Map Seeds:  Village: 10387312 Desert: 14357617 Igloo: 14357618 Jungle: 14357619 Swamp: 14357620 Monument: 10387313 Ocean: 14357621 Shipwreck: 165745295 End City: 10387313 Slime: 987234911 Bastion: 30084232 Fortress: 30084232 Mansion: 10387319 Fossil: 14357921 Portal: 34222645
[09:28:54] [Server thread/INFO]: Max TNT Explosions: 100
[09:28:54] [Server thread/INFO]: Tile Max Tick Time: 50ms Entity max Tick Time: 50ms
[09:28:54] [Server thread/INFO]: Entity Tracking Range: Pl 48 / An 48 / Mo 48 / Mi 32 / Other 64
[09:28:54] [Server thread/INFO]: Allow Zombie Pigmen to spawn from portal blocks: true
[09:28:54] [Server thread/INFO]: Item Merge Radius: 2.5
[09:28:54] [Server thread/INFO]: View Distance: 10
[09:28:54] [Server thread/INFO]: Item Despawn Rate: 6000
[09:28:54] [Server thread/INFO]: Arrow Despawn Rate: 1200 Trident Respawn Rate:1200
[09:28:54] [Server thread/INFO]: Zombie Aggressive Towards Villager: true
[09:28:54] [Server thread/INFO]: Nerfing mobs spawned from spawners: false
[09:28:54] [Server thread/INFO]: -------- World Settings For [world_the_end] --------
[09:28:54] [Server thread/INFO]: Experience Merge Radius: 3.0
[09:28:54] [Server thread/INFO]: Mob Spawn Range: 6
[09:28:54] [Server thread/INFO]: Cactus Growth Modifier: 100%
[09:28:54] [Server thread/INFO]: Cane Growth Modifier: 100%
[09:28:54] [Server thread/INFO]: Melon Growth Modifier: 100%
[09:28:54] [Server thread/INFO]: Mushroom Growth Modifier: 100%
[09:28:54] [Server thread/INFO]: Pumpkin Growth Modifier: 100%
[09:28:54] [Server thread/INFO]: Sapling Growth Modifier: 100%
[09:28:54] [Server thread/INFO]: Beetroot Growth Modifier: 100%
[09:28:54] [Server thread/INFO]: Carrot Growth Modifier: 100%
[09:28:54] [Server thread/INFO]: Potato Growth Modifier: 100%
[09:28:54] [Server thread/INFO]: Wheat Growth Modifier: 100%
[09:28:54] [Server thread/INFO]: NetherWart Growth Modifier: 100%
[09:28:54] [Server thread/INFO]: Vine Growth Modifier: 100%
[09:28:54] [Server thread/INFO]: Cocoa Growth Modifier: 100%
[09:28:54] [Server thread/INFO]: Bamboo Growth Modifier: 100%
[09:28:54] [Server thread/INFO]: SweetBerry Growth Modifier: 100%
[09:28:54] [Server thread/INFO]: Kelp Growth Modifier: 100%
[09:28:54] [Server thread/INFO]: Entity Activation Range: An 32 / Mo 32 / Ra 48 / Mi 16 / Tiv true
[09:28:54] [Server thread/INFO]: Hopper Transfer: 8 Hopper Check: 1 Hopper Amount: 1
[09:28:54] [Server thread/INFO]: Custom Map Seeds:  Village: 10387312 Desert: 14357617 Igloo: 14357618 Jungle: 14357619 Swamp: 14357620 Monument: 10387313 Ocean: 14357621 Shipwreck: 165745295 End City: 10387313 Slime: 987234911 Bastion: 30084232 Fortress: 30084232 Mansion: 10387319 Fossil: 14357921 Portal: 34222645
[09:28:54] [Server thread/INFO]: Max TNT Explosions: 100
[09:28:54] [Server thread/INFO]: Tile Max Tick Time: 50ms Entity max Tick Time: 50ms
[09:28:54] [Server thread/INFO]: Entity Tracking Range: Pl 48 / An 48 / Mo 48 / Mi 32 / Other 64
[09:28:54] [Server thread/INFO]: Allow Zombie Pigmen to spawn from portal blocks: true
[09:28:54] [Server thread/INFO]: Item Merge Radius: 2.5
[09:28:54] [Server thread/INFO]: View Distance: 10
[09:28:54] [Server thread/INFO]: Item Despawn Rate: 6000
[09:28:54] [Server thread/INFO]: Arrow Despawn Rate: 1200 Trident Respawn Rate:1200
[09:28:54] [Server thread/INFO]: Zombie Aggressive Towards Villager: true
[09:28:54] [Server thread/INFO]: Nerfing mobs spawned from spawners: false
[09:28:54] [Server thread/WARN]: Unable to find spawn biome
[09:28:56] [Server thread/INFO]: Preparing start region for dimension minecraft:overworld
[09:29:00] [Server thread/INFO]: Preparing spawn area: 0%
[09:29:00] [Server thread/INFO]: Preparing spawn area: 0%
[09:29:00] [Server thread/INFO]: Preparing spawn area: 0%
[09:29:00] [Server thread/INFO]: Preparing spawn area: 0%
[09:29:00] [Server thread/INFO]: Preparing spawn area: 0%
[09:29:00] [Server thread/INFO]: Preparing spawn area: 0%
[09:29:00] [Server thread/INFO]: Preparing spawn area: 0%
[09:29:00] [Server thread/INFO]: Preparing spawn area: 0%
[09:29:00] [Server thread/INFO]: Preparing spawn area: 0%
[09:29:00] [Server thread/INFO]: Preparing spawn area: 0%
[09:29:01] [Worker-Main-3/INFO]: Preparing spawn area: 21%
[09:29:02] [Server thread/INFO]: Preparing spawn area: 21%
[09:29:02] [Server thread/INFO]: Preparing spawn area: 21%
[09:29:09] [Worker-Main-3/INFO]: Preparing spawn area: 68%
[09:29:09] [Server thread/INFO]: Preparing spawn area: 68%
[09:29:09] [Server thread/INFO]: Preparing spawn area: 68%
[09:29:09] [Server thread/INFO]: Preparing spawn area: 68%
[09:29:09] [Server thread/INFO]: Preparing spawn area: 68%
[09:29:09] [Server thread/INFO]: Preparing spawn area: 68%
[09:29:09] [Server thread/INFO]: Preparing spawn area: 68%
[09:29:09] [Server thread/INFO]: Preparing spawn area: 68%
[09:29:09] [Server thread/INFO]: Preparing spawn area: 68%
[09:29:09] [Server thread/INFO]: Preparing spawn area: 68%
[09:29:09] [Server thread/INFO]: Preparing spawn area: 68%
[09:29:09] [Server thread/INFO]: Preparing spawn area: 68%
[09:29:09] [Server thread/INFO]: Preparing spawn area: 68%
[09:29:09] [Server thread/INFO]: Preparing spawn area: 68%
[09:29:09] [Worker-Main-3/INFO]: Preparing spawn area: 83%
[09:29:10] [Worker-Main-3/INFO]: Preparing spawn area: 83%
[09:29:10] [Worker-Main-3/INFO]: Preparing spawn area: 83%
[09:29:11] [Worker-Main-3/INFO]: Preparing spawn area: 83%
[09:29:11] [Worker-Main-3/INFO]: Preparing spawn area: 83%
[09:29:12] [Worker-Main-3/INFO]: Preparing spawn area: 83%
[09:29:12] [Worker-Main-3/INFO]: Preparing spawn area: 83%
[09:29:13] [Worker-Main-3/INFO]: Preparing spawn area: 83%
[09:29:13] [Worker-Main-3/INFO]: Preparing spawn area: 83%
[09:29:14] [Worker-Main-3/INFO]: Preparing spawn area: 83%
[09:29:14] [Worker-Main-3/INFO]: Preparing spawn area: 83%
[09:29:15] [Worker-Main-3/INFO]: Preparing spawn area: 83%
[09:29:15] [Worker-Main-3/INFO]: Preparing spawn area: 83%
[09:29:16] [Worker-Main-3/INFO]: Preparing spawn area: 83%
[09:29:16] [Worker-Main-3/INFO]: Preparing spawn area: 83%
[09:29:17] [Worker-Main-3/INFO]: Preparing spawn area: 83%
[09:29:17] [Worker-Main-3/INFO]: Preparing spawn area: 84%
[09:29:18] [Worker-Main-3/INFO]: Preparing spawn area: 84%
[09:29:18] [Worker-Main-3/INFO]: Preparing spawn area: 84%
[09:29:19] [Worker-Main-3/INFO]: Preparing spawn area: 84%
[09:29:19] [Worker-Main-3/INFO]: Preparing spawn area: 85%
[09:29:20] [Worker-Main-3/INFO]: Preparing spawn area: 85%
[09:29:20] [Worker-Main-3/INFO]: Preparing spawn area: 85%
[09:29:21] [Server thread/INFO]: Preparing spawn area: 86%
[09:29:21] [Worker-Main-3/INFO]: Preparing spawn area: 86%
[09:29:22] [Worker-Main-3/INFO]: Preparing spawn area: 86%
[09:29:22] [Worker-Main-3/INFO]: Preparing spawn area: 86%
[09:29:23] [Server thread/INFO]: Preparing spawn area: 87%
[09:29:23] [Server thread/INFO]: Preparing spawn area: 87%
[09:29:24] [Worker-Main-3/INFO]: Preparing spawn area: 87%
[09:29:24] [Worker-Main-3/INFO]: Preparing spawn area: 88%
[09:29:25] [Worker-Main-3/INFO]: Preparing spawn area: 88%
[09:29:25] [Worker-Main-3/INFO]: Preparing spawn area: 88%
[09:29:26] [Server thread/INFO]: Preparing spawn area: 88%
[09:29:26] [Worker-Main-3/INFO]: Preparing spawn area: 89%
[09:29:27] [Worker-Main-3/INFO]: Preparing spawn area: 89%
[09:29:27] [Worker-Main-3/INFO]: Preparing spawn area: 89%
[09:29:28] [Worker-Main-3/INFO]: Preparing spawn area: 89%
[09:29:28] [Worker-Main-3/INFO]: Preparing spawn area: 90%
[09:29:29] [Worker-Main-3/INFO]: Preparing spawn area: 91%
[09:29:29] [Worker-Main-3/INFO]: Preparing spawn area: 91%
[09:29:30] [Worker-Main-3/INFO]: Preparing spawn area: 93%
[09:29:30] [Worker-Main-3/INFO]: Preparing spawn area: 93%
[09:29:31] [Worker-Main-3/INFO]: Preparing spawn area: 93%
[09:29:31] [Worker-Main-3/INFO]: Preparing spawn area: 93%
[09:29:32] [Worker-Main-3/INFO]: Preparing spawn area: 94%
[09:29:32] [Worker-Main-3/INFO]: Preparing spawn area: 95%
[09:29:33] [Worker-Main-3/INFO]: Preparing spawn area: 96%
[09:29:33] [Worker-Main-3/INFO]: Preparing spawn area: 96%
[09:29:34] [Worker-Main-3/INFO]: Preparing spawn area: 97%
[09:29:34] [Server thread/INFO]: Preparing spawn area: 97%
[09:29:35] [Worker-Main-3/INFO]: Preparing spawn area: 98%
[09:29:35] [Server thread/INFO]: Preparing spawn area: 99%
[09:29:36] [Server thread/INFO]: Preparing spawn area: 99%
[09:29:38] [Server thread/INFO]: Time elapsed: 41917 ms
[09:29:38] [Server thread/INFO]: Preparing start region for dimension minecraft:the_nether
[09:29:41] [Server thread/INFO]: Preparing spawn area: 0%
[09:29:41] [Server thread/INFO]: Preparing spawn area: 0%
[09:29:41] [Server thread/INFO]: Preparing spawn area: 0%
[09:29:41] [Server thread/INFO]: Preparing spawn area: 0%
[09:29:41] [Server thread/INFO]: Preparing spawn area: 0%
[09:29:41] [Server thread/INFO]: Preparing spawn area: 0%
[09:29:41] [Server thread/INFO]: Preparing spawn area: 0%
[09:29:41] [Server thread/INFO]: Preparing spawn area: 0%
[09:29:42] [Worker-Main-3/INFO]: Preparing spawn area: 83%
[09:29:42] [Worker-Main-3/INFO]: Preparing spawn area: 83%
[09:29:43] [Worker-Main-3/INFO]: Preparing spawn area: 83%
[09:29:43] [Worker-Main-3/INFO]: Preparing spawn area: 83%
[09:29:44] [Worker-Main-3/INFO]: Preparing spawn area: 83%
[09:29:44] [Worker-Main-3/INFO]: Preparing spawn area: 83%
[09:29:45] [Worker-Main-3/INFO]: Preparing spawn area: 83%
[09:29:45] [Worker-Main-3/INFO]: Preparing spawn area: 83%
[09:29:46] [Worker-Main-3/INFO]: Preparing spawn area: 83%
[09:29:46] [Worker-Main-3/INFO]: Preparing spawn area: 83%
[09:29:47] [Worker-Main-3/INFO]: Preparing spawn area: 83%
[09:29:47] [Worker-Main-3/INFO]: Preparing spawn area: 83%
[09:29:48] [Worker-Main-3/INFO]: Preparing spawn area: 84%
[09:29:48] [Worker-Main-3/INFO]: Preparing spawn area: 85%
[09:29:49] [Worker-Main-3/INFO]: Preparing spawn area: 85%
[09:29:49] [Worker-Main-3/INFO]: Preparing spawn area: 86%
[09:29:50] [Worker-Main-3/INFO]: Preparing spawn area: 88%
[09:29:50] [Worker-Main-3/INFO]: Preparing spawn area: 89%
[09:29:51] [Worker-Main-3/INFO]: Preparing spawn area: 92%
[09:29:51] [Worker-Main-3/INFO]: Preparing spawn area: 93%
[09:29:52] [Worker-Main-3/INFO]: Preparing spawn area: 94%
[09:29:52] [Worker-Main-3/INFO]: Preparing spawn area: 96%
[09:29:53] [Worker-Main-3/INFO]: Preparing spawn area: 97%
[09:29:53] [Worker-Main-3/INFO]: Preparing spawn area: 98%
[09:29:54] [Worker-Main-3/INFO]: Preparing spawn area: 99%
[09:29:55] [Server thread/INFO]: Time elapsed: 17019 ms
[09:29:55] [Server thread/INFO]: Preparing start region for dimension minecraft:the_end
[09:29:55] [Worker-Main-3/INFO]: Preparing spawn area: 0%
[09:29:55] [Worker-Main-3/INFO]: Preparing spawn area: 0%
[09:31:06] [Worker-Main-3/INFO]: Preparing spawn area: 0%
[09:31:06] [Worker-Main-3/INFO]: Preparing spawn area: 0%
[09:31:06] [Worker-Main-3/INFO]: Preparing spawn area: 0%
[09:31:06] [Worker-Main-3/INFO]: Preparing spawn area: 0%
[09:31:06] [Worker-Main-3/INFO]: Preparing spawn area: 0%
[09:31:06] [Worker-Main-3/INFO]: Preparing spawn area: 0%
[09:31:06] [Worker-Main-3/INFO]: Preparing spawn area: 0%
[09:31:06] [Worker-Main-3/INFO]: Preparing spawn area: 0%
[09:31:06] [Worker-Main-3/INFO]: Preparing spawn area: 0%
[09:31:06] [Worker-Main-3/INFO]: Preparing spawn area: 0%
[09:31:06] [Worker-Main-3/INFO]: Preparing spawn area: 0%
[09:31:07] [Worker-Main-3/INFO]: Preparing spawn area: 0%
[09:31:07] [Worker-Main-3/INFO]: Preparing spawn area: 0%
[09:31:07] [Worker-Main-3/INFO]: Preparing spawn area: 0%
[09:31:07] [Worker-Main-3/INFO]: Preparing spawn area: 0%
[09:31:07] [Worker-Main-3/INFO]: Preparing spawn area: 0%
[09:31:07] [Worker-Main-3/INFO]: Preparing spawn area: 0%
[09:31:07] [Worker-Main-3/INFO]: Preparing spawn area: 0%
[09:31:07] [Worker-Main-3/INFO]: Preparing spawn area: 0%
[09:31:07] [Worker-Main-3/INFO]: Preparing spawn area: 0%
[09:31:07] [Worker-Main-3/INFO]: Preparing spawn area: 0%
[09:31:07] [Worker-Main-3/INFO]: Preparing spawn area: 0%
[09:31:07] [Worker-Main-3/INFO]: Preparing spawn area: 0%
[09:31:07] [Worker-Main-3/INFO]: Preparing spawn area: 0%
[09:31:07] [Worker-Main-3/INFO]: Preparing spawn area: 0%
[09:31:07] [Worker-Main-3/INFO]: Preparing spawn area: 0%
[09:31:07] [Worker-Main-3/INFO]: Preparing spawn area: 0%
[09:31:07] [Worker-Main-3/INFO]: Preparing spawn area: 0%
[09:31:07] [Worker-Main-3/INFO]: Preparing spawn area: 0%
[09:31:07] [Worker-Main-3/INFO]: Preparing spawn area: 0%
[09:31:07] [Worker-Main-3/INFO]: Preparing spawn area: 0%
[09:31:07] [Worker-Main-3/INFO]: Preparing spawn area: 0%
[09:31:07] [Worker-Main-3/INFO]: Preparing spawn area: 0%
[09:31:07] [Worker-Main-3/INFO]: Preparing spawn area: 0%
[09:31:07] [Worker-Main-3/INFO]: Preparing spawn area: 0%
[09:31:07] [Worker-Main-3/INFO]: Preparing spawn area: 0%
[09:31:07] [Worker-Main-3/INFO]: Preparing spawn area: 0%
[09:31:07] [Worker-Main-3/INFO]: Preparing spawn area: 0%
[09:31:07] [Worker-Main-3/INFO]: Preparing spawn area: 0%
[09:31:07] [Worker-Main-3/INFO]: Preparing spawn area: 0%
[09:31:07] [Worker-Main-3/INFO]: Preparing spawn area: 0%
[09:31:07] [Worker-Main-3/INFO]: Preparing spawn area: 0%
[09:31:07] [Worker-Main-3/INFO]: Preparing spawn area: 0%
[09:31:08] [Worker-Main-3/INFO]: Preparing spawn area: 0%
[09:31:08] [Worker-Main-3/INFO]: Preparing spawn area: 0%
[09:31:08] [Worker-Main-3/INFO]: Preparing spawn area: 0%
[09:31:08] [Worker-Main-3/INFO]: Preparing spawn area: 0%
[09:31:08] [Worker-Main-3/INFO]: Preparing spawn area: 0%
[09:31:08] [Worker-Main-3/INFO]: Preparing spawn area: 0%
[09:31:08] [Worker-Main-3/INFO]: Preparing spawn area: 0%
[09:31:08] [Worker-Main-3/INFO]: Preparing spawn area: 0%
[09:31:08] [Worker-Main-3/INFO]: Preparing spawn area: 0%
[09:31:08] [Worker-Main-3/INFO]: Preparing spawn area: 0%
[09:31:08] [Worker-Main-3/INFO]: Preparing spawn area: 0%
[09:31:08] [Worker-Main-3/INFO]: Preparing spawn area: 0%
[09:31:08] [Worker-Main-3/INFO]: Preparing spawn area: 0%
[09:31:08] [Worker-Main-3/INFO]: Preparing spawn area: 0%
[09:31:08] [Worker-Main-3/INFO]: Preparing spawn area: 0%
[09:31:08] [Worker-Main-3/INFO]: Preparing spawn area: 0%
[09:31:08] [Worker-Main-3/INFO]: Preparing spawn area: 0%
[09:31:08] [Worker-Main-3/INFO]: Preparing spawn area: 0%
[09:31:08] [Worker-Main-3/INFO]: Preparing spawn area: 0%
[09:31:08] [Worker-Main-3/INFO]: Preparing spawn area: 0%
[09:31:08] [Worker-Main-3/INFO]: Preparing spawn area: 0%
[09:31:08] [Worker-Main-3/INFO]: Preparing spawn area: 0%
[09:31:08] [Worker-Main-3/INFO]: Preparing spawn area: 0%
[09:31:08] [Worker-Main-3/INFO]: Preparing spawn area: 0%
[09:31:08] [Worker-Main-3/INFO]: Preparing spawn area: 0%
[09:31:08] [Worker-Main-3/INFO]: Preparing spawn area: 0%
[09:31:08] [Worker-Main-3/INFO]: Preparing spawn area: 0%
[09:31:08] [Worker-Main-3/INFO]: Preparing spawn area: 0%
[09:31:08] [Worker-Main-3/INFO]: Preparing spawn area: 0%
[09:31:08] [Worker-Main-3/INFO]: Preparing spawn area: 0%
[09:31:08] [Worker-Main-3/INFO]: Preparing spawn area: 0%
[09:31:08] [Worker-Main-3/INFO]: Preparing spawn area: 0%
[09:31:08] [Worker-Main-3/INFO]: Preparing spawn area: 0%
[09:31:08] [Worker-Main-3/INFO]: Preparing spawn area: 0%
[09:31:08] [Worker-Main-3/INFO]: Preparing spawn area: 0%
[09:31:08] [Worker-Main-3/INFO]: Preparing spawn area: 0%
[09:31:08] [Worker-Main-3/INFO]: Preparing spawn area: 0%
[09:31:08] [Worker-Main-3/INFO]: Preparing spawn area: 0%
[09:31:08] [Worker-Main-3/INFO]: Preparing spawn area: 0%
[09:31:08] [Worker-Main-3/INFO]: Preparing spawn area: 0%
[09:31:08] [Worker-Main-3/INFO]: Preparing spawn area: 0%
[09:31:08] [Worker-Main-3/INFO]: Preparing spawn area: 0%
[09:31:08] [Worker-Main-3/INFO]: Preparing spawn area: 0%
[09:31:08] [Worker-Main-3/INFO]: Preparing spawn area: 0%
[09:31:08] [Worker-Main-3/INFO]: Preparing spawn area: 0%
[09:31:08] [Worker-Main-3/INFO]: Preparing spawn area: 0%
[09:31:08] [Worker-Main-3/INFO]: Preparing spawn area: 0%
[09:31:08] [Worker-Main-3/INFO]: Preparing spawn area: 0%
[09:31:08] [Worker-Main-3/INFO]: Preparing spawn area: 0%
[09:31:08] [Worker-Main-3/INFO]: Preparing spawn area: 0%
[09:31:08] [Worker-Main-3/INFO]: Preparing spawn area: 0%
[09:31:08] [Worker-Main-3/INFO]: Preparing spawn area: 0%
[09:31:08] [Worker-Main-3/INFO]: Preparing spawn area: 0%
[09:31:08] [Worker-Main-3/INFO]: Preparing spawn area: 0%
[09:31:08] [Worker-Main-3/INFO]: Preparing spawn area: 0%
[09:31:08] [Worker-Main-3/INFO]: Preparing spawn area: 0%
[09:31:08] [Worker-Main-3/INFO]: Preparing spawn area: 0%
[09:31:08] [Worker-Main-3/INFO]: Preparing spawn area: 0%
[09:31:08] [Worker-Main-3/INFO]: Preparing spawn area: 0%
[09:31:08] [Worker-Main-3/INFO]: Preparing spawn area: 0%
[09:31:08] [Worker-Main-3/INFO]: Preparing spawn area: 0%
[09:31:08] [Worker-Main-3/INFO]: Preparing spawn area: 0%
[09:31:08] [Worker-Main-3/INFO]: Preparing spawn area: 0%
[09:31:08] [Worker-Main-3/INFO]: Preparing spawn area: 0%
[09:31:08] [Worker-Main-3/INFO]: Preparing spawn area: 0%
[09:31:08] [Worker-Main-3/INFO]: Preparing spawn area: 0%
[09:31:08] [Worker-Main-3/INFO]: Preparing spawn area: 0%
[09:31:08] [Worker-Main-3/INFO]: Preparing spawn area: 0%
[09:31:08] [Worker-Main-3/INFO]: Preparing spawn area: 0%
[09:31:08] [Worker-Main-3/INFO]: Preparing spawn area: 0%
[09:31:08] [Worker-Main-3/INFO]: Preparing spawn area: 0%
[09:31:08] [Worker-Main-3/INFO]: Preparing spawn area: 0%
[09:31:08] [Worker-Main-3/INFO]: Preparing spawn area: 0%
[09:31:08] [Worker-Main-3/INFO]: Preparing spawn area: 0%
[09:31:08] [Worker-Main-3/INFO]: Preparing spawn area: 0%
[09:31:08] [Worker-Main-3/INFO]: Preparing spawn area: 0%
[09:31:08] [Worker-Main-3/INFO]: Preparing spawn area: 0%
[09:31:08] [Worker-Main-3/INFO]: Preparing spawn area: 0%
[09:31:08] [Worker-Main-3/INFO]: Preparing spawn area: 0%
[09:31:08] [Worker-Main-3/INFO]: Preparing spawn area: 0%
[09:31:08] [Worker-Main-3/INFO]: Preparing spawn area: 0%
[09:31:08] [Worker-Main-3/INFO]: Preparing spawn area: 0%
[09:31:08] [Worker-Main-3/INFO]: Preparing spawn area: 0%
[09:31:08] [Worker-Main-3/INFO]: Preparing spawn area: 0%
[09:31:08] [Worker-Main-3/INFO]: Preparing spawn area: 0%
[09:31:08] [Worker-Main-3/INFO]: Preparing spawn area: 0%
[09:31:08] [Worker-Main-3/INFO]: Preparing spawn area: 0%
[09:31:08] [Worker-Main-3/INFO]: Preparing spawn area: 0%
[09:31:08] [Worker-Main-3/INFO]: Preparing spawn area: 0%
[09:31:08] [Worker-Main-3/INFO]: Preparing spawn area: 0%
[09:31:08] [Worker-Main-3/INFO]: Preparing spawn area: 0%
[09:31:08] [Worker-Main-3/INFO]: Preparing spawn area: 0%
[09:31:08] [Worker-Main-3/INFO]: Preparing spawn area: 0%
[09:31:08] [Worker-Main-3/INFO]: Preparing spawn area: 0%
[09:31:08] [Worker-Main-3/INFO]: Preparing spawn area: 0%
[09:31:08] [Worker-Main-3/INFO]: Preparing spawn area: 0%
[09:31:08] [Worker-Main-3/INFO]: Preparing spawn area: 0%
[09:31:08] [Worker-Main-3/INFO]: Preparing spawn area: 0%
[09:31:08] [Worker-Main-3/INFO]: Preparing spawn area: 0%
[09:31:08] [Worker-Main-3/INFO]: Preparing spawn area: 0%
[09:31:08] [Worker-Main-3/INFO]: Preparing spawn area: 0%
[09:31:08] [Worker-Main-3/INFO]: Preparing spawn area: 0%
[09:31:08] [Worker-Main-3/INFO]: Preparing spawn area: 0%
[09:31:09] [Worker-Main-3/INFO]: Preparing spawn area: 0%
[09:31:09] [Worker-Main-3/INFO]: Preparing spawn area: 0%
[09:31:10] [Worker-Main-3/INFO]: Preparing spawn area: 0%
[09:31:10] [Worker-Main-3/INFO]: Preparing spawn area: 0%
[09:31:11] [Worker-Main-3/INFO]: Preparing spawn area: 0%
[09:31:11] [Worker-Main-3/INFO]: Preparing spawn area: 0%
[09:31:12] [Worker-Main-3/INFO]: Preparing spawn area: 4%
[09:31:12] [Worker-Main-3/INFO]: Preparing spawn area: 4%
[09:31:13] [Worker-Main-3/INFO]: Preparing spawn area: 4%
[09:31:13] [Worker-Main-3/INFO]: Preparing spawn area: 13%
[09:31:14] [Worker-Main-3/INFO]: Preparing spawn area: 14%
[09:31:14] [Worker-Main-3/INFO]: Preparing spawn area: 15%
[09:31:15] [Worker-Main-3/INFO]: Preparing spawn area: 19%
[09:31:15] [Worker-Main-3/INFO]: Preparing spawn area: 20%
[09:31:16] [Worker-Main-3/INFO]: Preparing spawn area: 22%
[09:31:16] [Worker-Main-3/INFO]: Preparing spawn area: 31%
[09:31:18] [Worker-Main-3/INFO]: Preparing spawn area: 32%
[09:31:18] [Worker-Main-3/INFO]: Preparing spawn area: 32%
[09:31:18] [Worker-Main-3/INFO]: Preparing spawn area: 38%
[09:31:18] [Worker-Main-3/INFO]: Preparing spawn area: 55%
[09:31:19] [Worker-Main-3/INFO]: Preparing spawn area: 69%
[09:31:20] [Worker-Main-3/INFO]: Preparing spawn area: 69%
[09:31:20] [Worker-Main-3/INFO]: Preparing spawn area: 76%
[09:31:20] [Worker-Main-3/INFO]: Preparing spawn area: 97%
[09:31:20] [Server thread/INFO]: Time elapsed: 85566 ms
[09:31:21] [Server thread/INFO]: [BenchmarkPlugin] Enabling BenchmarkPlugin v1.0
[09:31:21] [Server thread/INFO]: Server permissions file permissions.yml is empty, ignoring it
[09:31:23] [Server thread/INFO]: Done (150.741s)! For help, type "help"
[09:31:28] [Server thread/WARN]: Can't keep up! Is the server overloaded? Running 5519ms or 110 ticks behind
[09:33:58] [User Authenticator #1/INFO]: UUID of player HuanFong is 547ea1e7-62cf-36f4-8fdd-96355ac18056
[09:34:02] [Server thread/INFO]: HuanFong[/144.214.0.12:28921] logged in with entity id 151 at ([world]202.5, 70.0, 22.5)
[09:34:03] [Server thread/WARN]: Can't keep up! Is the server overloaded? Running 5334ms or 106 ticks behind
[09:34:53] [Server thread/INFO]: Gamerule keepInventory is currently set to: false
[09:34:57] [Server thread/INFO]: Gamerule keepInventory is now set to: true
[09:35:15] [Server thread/INFO]: Gamerule doDaylightCycle is now set to: false
[09:35:20] [Server thread/INFO]: Set the time to 1000
[09:35:26] [Server thread/INFO]: HuanFong issued server command: /metrics
[09:35:32] [Server thread/INFO]: HuanFong issued server command: /metrics
[09:35:34] [Server thread/INFO]: HuanFong issued server command: /metrics
[09:35:35] [Server thread/INFO]: HuanFong issued server command: /metrics
[09:35:36] [Server thread/INFO]: HuanFong issued server command: /metrics
[09:36:01] [Server thread/INFO]: HuanFong issued server command: /metrics
[09:36:04] [Server thread/INFO]: HuanFong issued server command: /metrics
[09:36:06] [Server thread/INFO]: HuanFong issued server command: /metrics
[09:36:07] [Server thread/INFO]: HuanFong issued server command: /metrics
[09:36:08] [Server thread/INFO]: HuanFong issued server command: /metrics
[09:36:09] [Server thread/INFO]: HuanFong issued server command: /metrics
[09:36:11] [Server thread/INFO]: HuanFong issued server command: /metrics
[09:36:15] [Server thread/INFO]: HuanFong issued server command: /metrics
[09:36:22] [Server thread/INFO]: HuanFong issued server command: /metrics
[09:36:28] [Server thread/INFO]: HuanFong lost connection: Disconnected
[09:36:28] [Server thread/INFO]: HuanFong left the game
[09:36:42] [Server thread/WARN]: Can't keep up! Is the server overloaded? Running 8847ms or 176 ticks behind
[09:36:55] [Server thread/INFO]: Stopping the server
[09:36:55] [Server thread/INFO]: Stopping server
[09:36:55] [Server thread/INFO]: [BenchmarkPlugin] Disabling BenchmarkPlugin v1.0
[09:36:56] [Server thread/INFO]: Saving players
[09:36:56] [Server thread/INFO]: Saving worlds
[09:36:56] [Server thread/INFO]: Saving chunks for level 'ServerLevel[world]'/minecraft:overworld
[09:36:57] [Server thread/INFO]: ThreadedAnvilChunkStorage (world): All chunks are saved
[09:36:57] [Server thread/INFO]: Saving chunks for level 'ServerLevel[world_nether]'/minecraft:the_nether
[09:36:57] [Server thread/INFO]: ThreadedAnvilChunkStorage (DIM-1): All chunks are saved
[09:36:57] [Server thread/INFO]: Saving chunks for level 'ServerLevel[world_the_end]'/minecraft:the_end
[09:36:57] [Server thread/INFO]: ThreadedAnvilChunkStorage (DIM1): All chunks are saved
[09:36:57] [Server thread/INFO]: ThreadedAnvilChunkStorage (world): All chunks are saved
[09:36:57] [Server thread/INFO]: ThreadedAnvilChunkStorage (DIM-1): All chunks are saved
[09:36:57] [Server thread/INFO]: ThreadedAnvilChunkStorage (DIM1): All chunks are saved
